

Version:	3.50
CmdLine:	C:\Users\whawo\OneDrive\Escritorio\javarepaso\POO\Calculadora\Calculadora.exe --l4j-debug
JNI:		No
WOW64:		Yes
Working dir:	C:\Users\whawo\OneDrive\Escritorio\javarepaso\POO\Calculadora\.
Requires JDK:	No
Requires 64-Bit: No
Java min ver:	1.021.000
Java max ver:	
Substitute:	JAVA_HOME = 
Substitute:	PATH = c:\program files\common files\oracle\java\javapath;c:\program files (x86)\common files\oracle\java\javapath;c:\windows\system32;c:\windows;c:\windows\system32\wbem;c:\windows\system32\windowspowershell\v1.0\;c:\windows\system32\openssh\;c:\program files (x86)\dotnet\;c:\program files\git\cmd;c:\progra~1\red gate\flyway desktop\;c:\program files\nvidia corporation\nvidia nvdlisr;C:\Program Files (x86)\NVIDIA Corporation\PhysX\Common;C:\Program Files\MySQL\MySQL Shell 8.0\bin\;C:\Users\whawo\AppData\Local\Microsoft\WindowsApps;C:\Windows\SysWOW64;;D:\Microsoft VS Code\bin;C:\Program Files\Java\jre-1.8\bin
JRE paths:	;c:\program files\common files\oracle\java\javapath;c:\program files (x86)\common files\oracle\java\javapath;c:\windows\system32;c:\windows;c:\windows\system32\wbem;c:\windows\system32\windowspowershell\v1.0\;c:\windows\system32\openssh\;c:\program files (x86)\dotnet\;c:\program files\git\cmd;c:\progra~1\red gate\flyway desktop\;c:\program files\nvidia corporation\nvidia nvdlisr;C:\Program Files (x86)\NVIDIA Corporation\PhysX\Common;C:\Program Files\MySQL\MySQL Shell 8.0\bin\;C:\Users\whawo\AppData\Local\Microsoft\WindowsApps;C:\Windows\SysWOW64;;D:\Microsoft VS Code\bin;C:\Program Files\Java\jre-1.8\bin
Check launcher:	c:\program files\common files\oracle\java\javapath\bin\javaw.exe (not found)
Check launcher:	c:\program files (x86)\common files\oracle\java\javapath\bin\javaw.exe (not found)
Check launcher:	c:\windows\system32\bin\javaw.exe (not found)
Check launcher:	c:\windows\bin\javaw.exe (not found)
Check launcher:	c:\windows\system32\wbem\bin\javaw.exe (not found)
Check launcher:	c:\windows\system32\windowspowershell\v1.0\bin\javaw.exe (not found)
Check launcher:	c:\windows\system32\openssh\bin\javaw.exe (not found)
Check launcher:	c:\program files (x86)\dotnet\bin\javaw.exe (not found)
Check launcher:	c:\program files\git\cmd\bin\javaw.exe (not found)
Check launcher:	c:\progra~1\red gate\flyway desktop\bin\javaw.exe (not found)
Check launcher:	c:\program files\nvidia corporation\nvidia nvdlisr\bin\javaw.exe (not found)
Check launcher:	C:\Program Files (x86)\NVIDIA Corporation\PhysX\Common\bin\javaw.exe (not found)
Check launcher:	C:\Program Files\MySQL\MySQL Shell 8.0\bin\bin\javaw.exe (not found)
Check launcher:	C:\Users\whawo\AppData\Local\Microsoft\WindowsApps\bin\javaw.exe (not found)
Check launcher:	C:\Windows\SysWOW64\bin\javaw.exe (not found)
Check launcher:	D:\Microsoft VS Code\bin\javaw.exe (not found)
Check launcher:	C:\Program Files\Java\jre-1.8\bin\javaw.exe (OK)
Version string: 1.008.000_401 / 64-Bit (Ignore)
64-bit search:	SOFTWARE\JavaSoft\Java Runtime Environment...
Check:		SOFTWARE\JavaSoft\Java Runtime Environment\1.8
Version string: 1.008.000 / 64-Bit (Ignore)
Ignore:		1.008.000
Check:		SOFTWARE\JavaSoft\Java Runtime Environment\1.8.0_401
Version string: 1.008.000_401 / 64-Bit (Ignore)
Ignore:		1.008.000_401
32-bit search:	SOFTWARE\JavaSoft\Java Runtime Environment...
Check:		SOFTWARE\JavaSoft\Java Runtime Environment\1.8
Version string: 1.008.000 / 32-Bit (Ignore)
Ignore:		1.008.000
Check:		SOFTWARE\JavaSoft\Java Runtime Environment\1.8.0_401
Version string: 1.008.000_401 / 32-Bit (Ignore)
Ignore:		1.008.000_401
64-bit search:	SOFTWARE\JavaSoft\Java Development Kit...
Check:		SOFTWARE\JavaSoft\Java Development Kit\1.8
Version string: 1.008.000 / 64-Bit (Ignore)
Ignore:		1.008.000
Check:		SOFTWARE\JavaSoft\Java Development Kit\1.8.0_401
Version string: 1.008.000_401 / 64-Bit (Ignore)
Ignore:		1.008.000_401
32-bit search:	SOFTWARE\JavaSoft\Java Development Kit...
64-bit search:	SOFTWARE\JavaSoft\JRE...
32-bit search:	SOFTWARE\JavaSoft\JRE...
64-bit search:	SOFTWARE\JavaSoft\JDK...
Check:		SOFTWARE\JavaSoft\JDK\11.0.22
Version string: 1.011.000_022 / 64-Bit (Ignore)
Ignore:		1.011.000_022
Check:		SOFTWARE\JavaSoft\JDK\17.0.8
Version string: 1.017.000_008 / 64-Bit (Ignore)
Ignore:		1.017.000_008
Check:		SOFTWARE\JavaSoft\JDK\19.0.2
Version string: 1.019.000_002 / 64-Bit (Ignore)
Ignore:		1.019.000_002
Check:		SOFTWARE\JavaSoft\JDK\21.0.2
Version string: 1.021.000_002 / 64-Bit (OK)
Check launcher:	C:\Program Files\Java\jdk-21\bin\javaw.exe (OK)
Match:		1.021.000_002
Runtime used:	1.021.000_002 (64-bit)
Launcher:	C:\Program Files\Java\jdk-21\bin\javaw.exe
Launcher args:	-jar "C:\Users\whawo\OneDrive\Escritorio\javarepaso\POO\Calculadora\Calculadora.exe"
Args length:	84/32768 chars
Exit code:	0
